###############################################################################
#                                                                             #
# IAR C/C++ Compiler V8.20.2.41139 for 8051             13/Jun/2013  14:25:25 #
# Copyright 2004-2013 IAR Systems AB.                                         #
#                                                                             #
#    Core               =  plain                                              #
#    Code model         =  banked                                             #
#    Data model         =  large                                              #
#    Calling convention =  xdata reentrant                                    #
#    Constant location  =  data_rom                                           #
#    Dptr setup         =  1,16                                               #
#                                                                             #
#    Source file        =  C:\Users\PedroZ\Documents\GitHub\TG\Projects\Stack #
#                          \SE\SampleApp\Source\SimpleMeter\simplemeter_data. #
#                          c                                                  #
#    Command line       =  -f C:\Users\PedroZ\Documents\GitHub\TG\Projects\St #
#                          ack\SE\SampleApp\CC2530DB\..\..\..\Tools\CC2530DB\ #
#                          f8wEndev.cfg (-DCPU32MHZ -DROOT=__near_func        #
#                          -DMAC_CFG_TX_DATA_MAX=3 -DMAC_CFG_TX_MAX=6         #
#                          -DMAC_CFG_RX_MAX=3) -f C:\Users\PedroZ\Documents\G #
#                          itHub\TG\Projects\Stack\SE\SampleApp\CC2530DB\..\. #
#                          .\..\Tools\CC2530DB\f8wConfig.cfg (-DZIGBEEPRO     #
#                          -DSECURE=0 -DZG_SECURE_DYNAMIC=0 -DREFLECTOR       #
#                          -DDEFAULT_CHANLIST=0x00000800                      #
#                          -DZDAPP_CONFIG_PAN_ID=0xFFFF                       #
#                          -DNWK_START_DELAY=100 -DEXTENDED_JOINING_RANDOM_MA #
#                          SK=0x007F -DBEACON_REQUEST_DELAY=100               #
#                          -DBEACON_REQ_DELAY_MASK=0x00FF                     #
#                          -DLINK_STATUS_JITTER_MASK=0x007F                   #
#                          -DROUTE_EXPIRY_TIME=30 -DAPSC_ACK_WAIT_DURATION_PO #
#                          LLED=3000 -DNWK_INDIRECT_MSG_TIMEOUT=7             #
#                          -DMAX_RREQ_ENTRIES=8 -DAPSC_MAX_FRAME_RETRIES=3    #
#                          -DNWK_MAX_DATA_RETRIES=2                           #
#                          -DMAX_POLL_FAILURE_RETRIES=2 -DMAX_BCAST=9         #
#                          -DAPS_MAX_GROUPS=16 -DMAX_RTG_ENTRIES=40           #
#                          -DNWK_MAX_BINDING_ENTRIES=4                        #
#                          -DMAX_BINDING_CLUSTER_IDS=4 "-DDEFAULT_KEY={0x01,  #
#                          0x03, 0x05, 0x07, 0x09, 0x0B, 0x0D, 0x0F, 0x00,    #
#                          0x02, 0x04, 0x06, 0x08, 0x0A, 0x0C, 0x0D}"         #
#                          -DMAC_MAX_FRAME_SIZE=116                           #
#                          -DZDNWKMGR_MIN_TRANSMISSIONS=20 "-DCONST=const     #
#                          __code" -DGENERIC=__generic                        #
#                          -DRFD_RCVC_ALWAYS_ON=FALSE -DPOLL_RATE=1000        #
#                          -DQUEUED_POLL_RATE=100 -DRESPONSE_POLL_RATE=100    #
#                          -DREJOIN_POLL_RATE=440) -f                         #
#                          C:\Users\PedroZ\Documents\GitHub\TG\Projects\Stack #
#                          \SE\SampleApp\CC2530DB\..\..\..\Tools\CC2530DB\f8w #
#                          ZCL.cfg (-DZCL_READ -DZCL_WRITE -DZCL_BASIC        #
#                          -DZCL_IDENTIFY -DZCL_ON_OFF -DZCL_KEY_ESTABLISH    #
#                          -DZCL_KEY_ESTABLISHMENT_KEY_GENERATE_TIMEOUT=4     #
#                          -DZCL_KEY_ESTABLISHMENT_MAC_GENERATE_TIMEOUT=10    #
#                          -DZCL_KEY_ESTABLISHMENT_EKEY_GENERATE_TIMEOUT=10   #
#                          -DZCL_LOAD_CONTROL -DZCL_SIMPLE_METERING           #
#                          -DZCL_PRICING -DZCL_MESSAGE -DZCL_TUNNELING        #
#                          -DZCL_TOU) -DZCL_DEVICE_MGMT                       #
#                          C:\Users\PedroZ\Documents\GitHub\TG\Projects\Stack #
#                          \SE\SampleApp\Source\SimpleMeter\simplemeter_data. #
#                          c -D TC_LINKKEY_JOIN -D ZTOOL_P1 -D MT_TASK -D     #
#                          MT_APP_FUNC -D MT_SYS_FUNC -D LCD_SUPPORTED -D     #
#                          NV_INIT -D xNV_RESTORE -D HOLD_AUTO_START -D       #
#                          NWK_AUTO_POLL -D ZCL_REPORT -D POWER_SAVING -D     #
#                          MAX_POLL_FAILURE_RETRIES=20 -D TEST_CERT_DATA -lC  #
#                          "C:\Users\PedroZ\Documents\GitHub\TG\Projects\Stac #
#                          k\SE\SampleApp\CC2530DB\Simple Metering -          #
#                          EndDevice\List\" -lA "C:\Users\PedroZ\Documents\Gi #
#                          tHub\TG\Projects\Stack\SE\SampleApp\CC2530DB\Simpl #
#                          e Metering - EndDevice\List\" --diag_suppress      #
#                          Pe001,Pa010 -o "C:\Users\PedroZ\Documents\GitHub\T #
#                          G\Projects\Stack\SE\SampleApp\CC2530DB\Simple      #
#                          Metering - EndDevice\Obj\" -e --no_cse             #
#                          --no_unroll --no_inline --no_code_motion           #
#                          --no_tbaa --debug --core=plain --dptr=16,1         #
#                          --data_model=large --code_model=banked             #
#                          --calling_convention=xdata_reentrant               #
#                          --place_constants=data_rom --nr_virtual_regs 16    #
#                          -I C:\Users\PedroZ\Documents\GitHub\TG\Projects\St #
#                          ack\SE\SampleApp\CC2530DB\ -I                      #
#                          C:\Users\PedroZ\Documents\GitHub\TG\Projects\Stack #
#                          \SE\SampleApp\CC2530DB\..\Source\ -I               #
#                          C:\Users\PedroZ\Documents\GitHub\TG\Projects\Stack #
#                          \SE\SampleApp\CC2530DB\..\..\Source\ -I            #
#                          C:\Users\PedroZ\Documents\GitHub\TG\Projects\Stack #
#                          \SE\SampleApp\CC2530DB\..\..\..\ZMain\TI2530DB\    #
#                          -I C:\Users\PedroZ\Documents\GitHub\TG\Projects\St #
#                          ack\SE\SampleApp\CC2530DB\..\..\..\..\..\Component #
#                          s\hal\include\ -I C:\Users\PedroZ\Documents\GitHub #
#                          \TG\Projects\Stack\SE\SampleApp\CC2530DB\..\..\..\ #
#                          ..\..\Components\hal\target\CC2530EB\ -I           #
#                          C:\Users\PedroZ\Documents\GitHub\TG\Projects\Stack #
#                          \SE\SampleApp\CC2530DB\..\..\..\..\..\Components\m #
#                          ac\include\ -I C:\Users\PedroZ\Documents\GitHub\TG #
#                          \Projects\Stack\SE\SampleApp\CC2530DB\..\..\..\..\ #
#                          ..\Components\mac\high_level\ -I                   #
#                          C:\Users\PedroZ\Documents\GitHub\TG\Projects\Stack #
#                          \SE\SampleApp\CC2530DB\..\..\..\..\..\Components\m #
#                          ac\low_level\srf04\ -I C:\Users\PedroZ\Documents\G #
#                          itHub\TG\Projects\Stack\SE\SampleApp\CC2530DB\..\. #
#                          .\..\..\..\Components\mac\low_level\srf04\single_c #
#                          hip\ -I C:\Users\PedroZ\Documents\GitHub\TG\Projec #
#                          ts\Stack\SE\SampleApp\CC2530DB\..\..\..\..\..\Comp #
#                          onents\mt\ -I C:\Users\PedroZ\Documents\GitHub\TG\ #
#                          Projects\Stack\SE\SampleApp\CC2530DB\..\..\..\..\. #
#                          .\Components\osal\include\ -I                      #
#                          C:\Users\PedroZ\Documents\GitHub\TG\Projects\Stack #
#                          \SE\SampleApp\CC2530DB\..\..\..\..\..\Components\s #
#                          ervices\saddr\ -I C:\Users\PedroZ\Documents\GitHub #
#                          \TG\Projects\Stack\SE\SampleApp\CC2530DB\..\..\..\ #
#                          ..\..\Components\services\sdata\ -I                #
#                          C:\Users\PedroZ\Documents\GitHub\TG\Projects\Stack #
#                          \SE\SampleApp\CC2530DB\..\..\..\..\..\Components\s #
#                          tack\af\ -I C:\Users\PedroZ\Documents\GitHub\TG\Pr #
#                          ojects\Stack\SE\SampleApp\CC2530DB\..\..\..\..\..\ #
#                          Components\stack\nwk\ -I                           #
#                          C:\Users\PedroZ\Documents\GitHub\TG\Projects\Stack #
#                          \SE\SampleApp\CC2530DB\..\..\..\..\..\Components\s #
#                          tack\sapi\ -I C:\Users\PedroZ\Documents\GitHub\TG\ #
#                          Projects\Stack\SE\SampleApp\CC2530DB\..\..\..\..\. #
#                          .\Components\stack\sec\ -I                         #
#                          C:\Users\PedroZ\Documents\GitHub\TG\Projects\Stack #
#                          \SE\SampleApp\CC2530DB\..\..\..\..\..\Components\s #
#                          tack\sys\ -I C:\Users\PedroZ\Documents\GitHub\TG\P #
#                          rojects\Stack\SE\SampleApp\CC2530DB\..\..\..\..\.. #
#                          \Components\stack\zcl\ -I                          #
#                          C:\Users\PedroZ\Documents\GitHub\TG\Projects\Stack #
#                          \SE\SampleApp\CC2530DB\..\..\..\..\..\Components\s #
#                          tack\zdo\ -I C:\Users\PedroZ\Documents\GitHub\TG\P #
#                          rojects\Stack\SE\SampleApp\CC2530DB\..\..\..\..\.. #
#                          \Components\zmac\ -I C:\Users\PedroZ\Documents\Git #
#                          Hub\TG\Projects\Stack\SE\SampleApp\CC2530DB\..\..\ #
#                          ..\..\..\Components\zmac\f8w\ -On                  #
#                          --require_prototypes                               #
#    List file          =  C:\Users\PedroZ\Documents\GitHub\TG\Projects\Stack #
#                          \SE\SampleApp\CC2530DB\Simple Metering -           #
#                          EndDevice\List\simplemeter_data.lst                #
#    Object file        =  C:\Users\PedroZ\Documents\GitHub\TG\Projects\Stack #
#                          \SE\SampleApp\CC2530DB\Simple Metering -           #
#                          EndDevice\Obj\simplemeter_data.r51                 #
#                                                                             #
#                                                                             #
###############################################################################

C:\Users\PedroZ\Documents\GitHub\TG\Projects\Stack\SE\SampleApp\Source\SimpleMeter\simplemeter_data.c
      1          /**************************************************************************************************
      2            Filename:       simplemeter_data.c
      3            Revised:        $Date: 2011-11-21 16:13:57 -0800 (Mon, 21 Nov 2011) $
      4            Revision:       $Revision: 28440 $
      5          
      6            Description:    File that contains attribute and simple descriptor
      7                            definitions for the Simple Meter
      8          
      9          
     10            Copyright 2009-2011 Texas Instruments Incorporated. All rights reserved.
     11          
     12            IMPORTANT: Your use of this Software is limited to those specific rights
     13            granted under the terms of a software license agreement between the user
     14            who downloaded the software, his/her employer (which must be your employer)
     15            and Texas Instruments Incorporated (the "License").  You may not use this
     16            Software unless you agree to abide by the terms of the License. The License
     17            limits your use, and you acknowledge, that the Software may not be modified,
     18            copied or distributed unless embedded on a Texas Instruments microcontroller
     19            or used solely and exclusively in conjunction with a Texas Instruments radio
     20            frequency transceiver, which is integrated into your product.  Other than for
     21            the foregoing purpose, you may not use, reproduce, copy, prepare derivative
     22            works of, modify, distribute, perform, display or sell this Software and/or
     23            its documentation for any purpose.
     24          
     25            YOU FURTHER ACKNOWLEDGE AND AGREE THAT THE SOFTWARE AND DOCUMENTATION ARE
     26            PROVIDED “AS IS” WITHOUT WARRANTY OF ANY KIND, EITHER EXPRESS OR IMPLIED,
     27            INCLUDING WITHOUT LIMITATION, ANY WARRANTY OF MERCHANTABILITY, TITLE,
     28            NON-INFRINGEMENT AND FITNESS FOR A PARTICULAR PURPOSE. IN NO EVENT SHALL
     29            TEXAS INSTRUMENTS OR ITS LICENSORS BE LIABLE OR OBLIGATED UNDER CONTRACT,
     30            NEGLIGENCE, STRICT LIABILITY, CONTRIBUTION, BREACH OF WARRANTY, OR OTHER
     31            LEGAL EQUITABLE THEORY ANY DIRECT OR INDIRECT DAMAGES OR EXPENSES
     32            INCLUDING BUT NOT LIMITED TO ANY INCIDENTAL, SPECIAL, INDIRECT, PUNITIVE
     33            OR CONSEQUENTIAL DAMAGES, LOST PROFITS OR LOST DATA, COST OF PROCUREMENT
     34            OF SUBSTITUTE GOODS, TECHNOLOGY, SERVICES, OR ANY CLAIMS BY THIRD PARTIES
     35            (INCLUDING BUT NOT LIMITED TO ANY DEFENSE THEREOF), OR OTHER SIMILAR COSTS.
     36          
     37            Should you have any questions regarding your right to use this Software,
     38            contact Texas Instruments Incorporated at www.TI.com.
     39          **************************************************************************************************/
     40          
     41          /*********************************************************************
     42           * INCLUDES
     43           */
     44          
     45          #include "OSAL.h"
     46          #include "OSAL_Clock.h"
     47          #include "ZDConfig.h"
     48          
     49          #include "se.h"
     50          #include "simplemeter.h"
     51          #include "zcl_general.h"
     52          #include "zcl_se.h"
     53          #include "zcl_key_establish.h"
     54          
     55          /*********************************************************************
     56           * CONSTANTS
     57           */
     58          #define SIMPLEMETER_DEVICE_VERSION      0
     59          #define SIMPLEMETER_FLAGS               0
     60          
     61          #define SIMPLEMETER_HWVERSION           1
     62          #define SIMPLEMETER_ZCLVERSION          1
     63          
     64          /*********************************************************************
     65           * TYPEDEFS
     66           */
     67          
     68          /*********************************************************************
     69           * MACROS
     70           */
     71          
     72          /*********************************************************************
     73           * GLOBAL VARIABLES
     74           */
     75          // Basic Cluster

   \                                 In  segment XDATA_ROM_C, align 1
     76          const uint8 simpleMeterZCLVersion = SIMPLEMETER_ZCLVERSION;
   \                     simpleMeterZCLVersion:
   \   000000   01           DB 1

   \                                 In  segment XDATA_ROM_C, align 1
     77          const uint8 simpleMeterHWVersion = SIMPLEMETER_HWVERSION;
   \                     simpleMeterHWVersion:
   \   000000   01           DB 1

   \                                 In  segment XDATA_ROM_C, align 1
     78          const uint8 simpleMeterManufacturerName[] = { 16, 'T','e','x','a','s','I','n','s','t','r','u','m','e','n','t','s' };
   \                     simpleMeterManufacturerName:
   \   000000   10           DB 16
   \   000001   54           DB 84
   \   000002   65           DB 101
   \   000003   78           DB 120
   \   000004   61           DB 97
   \   000005   73           DB 115
   \   000006   49           DB 73
   \   000007   6E           DB 110
   \   000008   73           DB 115
   \   000009   74           DB 116
   \   00000A   72           DB 114
   \   00000B   75           DB 117
   \   00000C   6D           DB 109
   \   00000D   65           DB 101
   \   00000E   6E           DB 110
   \   00000F   74           DB 116
   \   000010   73           DB 115

   \                                 In  segment XDATA_ROM_C, align 1
     79          const uint8 simpleMeterModelId[] = { 16, 'T','I','0','0','0','1',' ',' ',' ',' ',' ',' ',' ',' ',' ',' ' };
   \                     simpleMeterModelId:
   \   000000   10           DB 16
   \   000001   54           DB 84
   \   000002   49           DB 73
   \   000003   30           DB 48
   \   000004   30           DB 48
   \   000005   30           DB 48
   \   000006   31           DB 49
   \   000007   20           DB 32
   \   000008   20           DB 32
   \   000009   20           DB 32
   \   00000A   20           DB 32
   \   00000B   20           DB 32
   \   00000C   20           DB 32
   \   00000D   20           DB 32
   \   00000E   20           DB 32
   \   00000F   20           DB 32
   \   000010   20           DB 32

   \                                 In  segment XDATA_ROM_C, align 1
     80          const uint8 simpleMeterDateCode[] = { 16, '2','0','0','6','0','8','3','1',' ',' ',' ',' ',' ',' ',' ',' ' };
   \                     simpleMeterDateCode:
   \   000000   10           DB 16
   \   000001   32           DB 50
   \   000002   30           DB 48
   \   000003   30           DB 48
   \   000004   36           DB 54
   \   000005   30           DB 48
   \   000006   38           DB 56
   \   000007   33           DB 51
   \   000008   31           DB 49
   \   000009   20           DB 32
   \   00000A   20           DB 32
   \   00000B   20           DB 32
   \   00000C   20           DB 32
   \   00000D   20           DB 32
   \   00000E   20           DB 32
   \   00000F   20           DB 32
   \   000010   20           DB 32

   \                                 In  segment XDATA_ROM_C, align 1
     81          const uint8 simpleMeterPowerSource = POWER_SOURCE_MAINS_1_PHASE;
   \                     simpleMeterPowerSource:
   \   000000   01           DB 1
     82          

   \                                 In  segment XDATA_I, align 1, keep-with-next
     83          uint8 simpleMeterLocationDescription[] = { 16, ' ',' ',' ',' ',' ',' ',' ',' ',' ',' ',' ',' ',' ',' ',' ',' ' };
   \                     simpleMeterLocationDescription:
   \   000000                DS 17
   \   000011                REQUIRE `?<Initializer for simpleMeterLocationDescripti`
   \   000011                REQUIRE __INIT_XDATA_I

   \                                 In  segment XDATA_Z, align 1, keep-with-next
     84          uint8 simpleMeterPhysicalEnvironment = PHY_UNSPECIFIED_ENV;
   \                     simpleMeterPhysicalEnvironment:
   \   000000                DS 1
   \   000001                REQUIRE __INIT_XDATA_Z

   \                                 In  segment XDATA_I, align 1, keep-with-next
     85          uint8 simpleMeterDeviceEnabled = DEVICE_ENABLED;
   \                     simpleMeterDeviceEnabled:
   \   000000                DS 1
   \   000001                REQUIRE `?<Initializer for simpleMeterDeviceEnabled>`
   \   000001                REQUIRE __INIT_XDATA_I
     86          
     87          // Identify Cluster Attributes

   \                                 In  segment XDATA_Z, align 1, keep-with-next
     88          uint16 simpleMeterIdentifyTime = 0;
   \                     simpleMeterIdentifyTime:
   \   000000                DS 2
   \   000002                REQUIRE __INIT_XDATA_Z

   \                                 In  segment XDATA_Z, align 1, keep-with-next
     89          uint32 simpleMeterTime = 0;
   \                     simpleMeterTime:
   \   000000                DS 4
   \   000004                REQUIRE __INIT_XDATA_Z

   \                                 In  segment XDATA_I, align 1, keep-with-next
     90          uint8 simpleMeterTimeStatus = 0x01;
   \                     simpleMeterTimeStatus:
   \   000000                DS 1
   \   000001                REQUIRE `?<Initializer for simpleMeterTimeStatus>`
   \   000001                REQUIRE __INIT_XDATA_I
     91          
     92          // Simple Metering Cluster - Reading Information Set Attributes

   \                                 In  segment XDATA_I, align 1, keep-with-next
     93          uint8 simpleMeterCurrentSummationDelivered[] = { 0x11, 0x22, 0x33, 0x44, 0x55, 0x66 };
   \                     simpleMeterCurrentSummationDelivered:
   \   000000                DS 6
   \   000006                REQUIRE `?<Initializer for simpleMeterCurrentSummationD`
   \   000006                REQUIRE __INIT_XDATA_I

   \                                 In  segment XDATA_I, align 1, keep-with-next
     94          uint8 simpleMeterCurrentSummationReceived[] = { 0x11, 0x22, 0x33, 0x44, 0x55, 0x66 };
   \                     simpleMeterCurrentSummationReceived:
   \   000000                DS 6
   \   000006                REQUIRE `?<Initializer for simpleMeterCurrentSummationR`
   \   000006                REQUIRE __INIT_XDATA_I

   \                                 In  segment XDATA_I, align 1, keep-with-next
     95          uint8 simpleMeterCurrentMaxDemandDelivered[] = { 0x11, 0x22, 0x33, 0x44, 0x55, 0x66 };
   \                     simpleMeterCurrentMaxDemandDelivered:
   \   000000                DS 6
   \   000006                REQUIRE `?<Initializer for simpleMeterCurrentMaxDemandD`
   \   000006                REQUIRE __INIT_XDATA_I

   \                                 In  segment XDATA_I, align 1, keep-with-next
     96          uint8 simpleMeterCurrentMaxDemandReceived[] = { 0x11, 0x22, 0x33, 0x44, 0x55, 0x66 };
   \                     simpleMeterCurrentMaxDemandReceived:
   \   000000                DS 6
   \   000006                REQUIRE `?<Initializer for simpleMeterCurrentMaxDemandR`
   \   000006                REQUIRE __INIT_XDATA_I

   \                                 In  segment XDATA_I, align 1, keep-with-next
     97          uint8 simpleMeterCurrentTier1SummationDelivered[] = { 0x11, 0x22, 0x33, 0x44, 0x55, 0x66 };
   \                     simpleMeterCurrentTier1SummationDelivered:
   \   000000                DS 6
   \   000006                REQUIRE `?<Initializer for simpleMeterCurrentTier1Summa`
   \   000006                REQUIRE __INIT_XDATA_I

   \                                 In  segment XDATA_I, align 1, keep-with-next
     98          uint8 simpleMeterCurrentTier1SummationReceived[] = { 0x11, 0x22, 0x33, 0x44, 0x55, 0x66 };
   \                     simpleMeterCurrentTier1SummationReceived:
   \   000000                DS 6
   \   000006                REQUIRE `?<Initializer for simpleMeterCurrentTier1Summa_1`
   \   000006                REQUIRE __INIT_XDATA_I

   \                                 In  segment XDATA_I, align 1, keep-with-next
     99          uint8 simpleMeterCurrentTier2SummationDelivered[] = { 0x11, 0x22, 0x33, 0x44, 0x55, 0x66 };
   \                     simpleMeterCurrentTier2SummationDelivered:
   \   000000                DS 6
   \   000006                REQUIRE `?<Initializer for simpleMeterCurrentTier2Summa`
   \   000006                REQUIRE __INIT_XDATA_I

   \                                 In  segment XDATA_I, align 1, keep-with-next
    100          uint8 simpleMeterCurrentTier2SummationReceived[] = { 0x11, 0x22, 0x33, 0x44, 0x55, 0x66 };
   \                     simpleMeterCurrentTier2SummationReceived:
   \   000000                DS 6
   \   000006                REQUIRE `?<Initializer for simpleMeterCurrentTier2Summa_1`
   \   000006                REQUIRE __INIT_XDATA_I

   \                                 In  segment XDATA_I, align 1, keep-with-next
    101          uint8 simpleMeterCurrentTier3SummationDelivered[] = { 0x11, 0x22, 0x33, 0x44, 0x55, 0x66 };
   \                     simpleMeterCurrentTier3SummationDelivered:
   \   000000                DS 6
   \   000006                REQUIRE `?<Initializer for simpleMeterCurrentTier3Summa`
   \   000006                REQUIRE __INIT_XDATA_I

   \                                 In  segment XDATA_I, align 1, keep-with-next
    102          uint8 simpleMeterCurrentTier3SummationReceived[] = { 0x11, 0x22, 0x33, 0x44, 0x55, 0x66 };
   \                     simpleMeterCurrentTier3SummationReceived:
   \   000000                DS 6
   \   000006                REQUIRE `?<Initializer for simpleMeterCurrentTier3Summa_1`
   \   000006                REQUIRE __INIT_XDATA_I

   \                                 In  segment XDATA_I, align 1, keep-with-next
    103          uint8 simpleMeterCurrentTier4SummationDelivered[] = { 0x11, 0x22, 0x33, 0x44, 0x55, 0x66 };
   \                     simpleMeterCurrentTier4SummationDelivered:
   \   000000                DS 6
   \   000006                REQUIRE `?<Initializer for simpleMeterCurrentTier4Summa`
   \   000006                REQUIRE __INIT_XDATA_I

   \                                 In  segment XDATA_I, align 1, keep-with-next
    104          uint8 simpleMeterCurrentTier4SummationReceived[] = { 0x11, 0x22, 0x33, 0x44, 0x55, 0x66 };
   \                     simpleMeterCurrentTier4SummationReceived:
   \   000000                DS 6
   \   000006                REQUIRE `?<Initializer for simpleMeterCurrentTier4Summa_1`
   \   000006                REQUIRE __INIT_XDATA_I

   \                                 In  segment XDATA_I, align 1, keep-with-next
    105          uint8 simpleMeterCurrentTier5SummationDelivered[] = { 0x11, 0x22, 0x33, 0x44, 0x55, 0x66 };
   \                     simpleMeterCurrentTier5SummationDelivered:
   \   000000                DS 6
   \   000006                REQUIRE `?<Initializer for simpleMeterCurrentTier5Summa`
   \   000006                REQUIRE __INIT_XDATA_I

   \                                 In  segment XDATA_I, align 1, keep-with-next
    106          uint8 simpleMeterCurrentTier5SummationReceived[] = { 0x11, 0x22, 0x33, 0x44, 0x55, 0x66 };
   \                     simpleMeterCurrentTier5SummationReceived:
   \   000000                DS 6
   \   000006                REQUIRE `?<Initializer for simpleMeterCurrentTier5Summa_1`
   \   000006                REQUIRE __INIT_XDATA_I

   \                                 In  segment XDATA_I, align 1, keep-with-next
    107          uint8 simpleMeterCurrentTier6SummationDelivered[] = { 0x11, 0x22, 0x33, 0x44, 0x55, 0x66 };
   \                     simpleMeterCurrentTier6SummationDelivered:
   \   000000                DS 6
   \   000006                REQUIRE `?<Initializer for simpleMeterCurrentTier6Summa`
   \   000006                REQUIRE __INIT_XDATA_I

   \                                 In  segment XDATA_I, align 1, keep-with-next
    108          uint8 simpleMeterCurrentTier6SummationReceived[] = { 0x11, 0x22, 0x33, 0x44, 0x55, 0x66 };
   \                     simpleMeterCurrentTier6SummationReceived:
   \   000000                DS 6
   \   000006                REQUIRE `?<Initializer for simpleMeterCurrentTier6Summa_1`
   \   000006                REQUIRE __INIT_XDATA_I

   \                                 In  segment XDATA_I, align 1, keep-with-next
    109          uint8 simpleMeterDFTSummation[] = { 0x11, 0x22, 0x33, 0x44, 0x55, 0x66 };
   \                     simpleMeterDFTSummation:
   \   000000                DS 6
   \   000006                REQUIRE `?<Initializer for simpleMeterDFTSummation>`
   \   000006                REQUIRE __INIT_XDATA_I

   \                                 In  segment XDATA_I, align 1, keep-with-next
    110          uint16 simpleMeterDailyFreezeTime = 0x01;
   \                     simpleMeterDailyFreezeTime:
   \   000000                DS 2
   \   000002                REQUIRE `?<Initializer for simpleMeterDailyFreezeTime>`
   \   000002                REQUIRE __INIT_XDATA_I

   \                                 In  segment XDATA_I, align 1, keep-with-next
    111          int8 simpleMeterPowerFactor = 0x01;
   \                     simpleMeterPowerFactor:
   \   000000                DS 1
   \   000001                REQUIRE `?<Initializer for simpleMeterPowerFactor>`
   \   000001                REQUIRE __INIT_XDATA_I

   \                                 In  segment XDATA_Z, align 1, keep-with-next
    112          UTCTime simpleMeterSnapshotTime = 0x00;
   \                     simpleMeterSnapshotTime:
   \   000000                DS 4
   \   000004                REQUIRE __INIT_XDATA_Z

   \                                 In  segment XDATA_Z, align 1, keep-with-next
    113          UTCTime simpleMeterMaxDemandDeliverdTime = 0x00;
   \                     simpleMeterMaxDemandDeliverdTime:
   \   000000                DS 4
   \   000004                REQUIRE __INIT_XDATA_Z

   \                                 In  segment XDATA_Z, align 1, keep-with-next
    114          UTCTime simpleMeterMaxDemandReceivedTime = 0x00;
   \                     simpleMeterMaxDemandReceivedTime:
   \   000000                DS 4
   \   000004                REQUIRE __INIT_XDATA_Z

   \                                 In  segment XDATA_I, align 1, keep-with-next
    115          uint8 simpleMeterDefaultUpdatePeriod = 0x1E;
   \                     simpleMeterDefaultUpdatePeriod:
   \   000000                DS 1
   \   000001                REQUIRE `?<Initializer for simpleMeterDefaultUpdatePeri`
   \   000001                REQUIRE __INIT_XDATA_I

   \                                 In  segment XDATA_I, align 1, keep-with-next
    116          uint8 simpleMeterFastPollUpdatePeriod = 0x05;
   \                     simpleMeterFastPollUpdatePeriod:
   \   000000                DS 1
   \   000001                REQUIRE `?<Initializer for simpleMeterFastPollUpdatePer`
   \   000001                REQUIRE __INIT_XDATA_I
    117          
    118          // Simple Metering Cluster - Meter Status Attributes

   \                                 In  segment XDATA_I, align 1, keep-with-next
    119          uint8 simpleMeterStatus = 0x12;
   \                     simpleMeterStatus:
   \   000000                DS 1
   \   000001                REQUIRE `?<Initializer for simpleMeterStatus>`
   \   000001                REQUIRE __INIT_XDATA_I
    120          
    121          // Simple Metering Cluster - Formatting Attributes

   \                                 In  segment XDATA_I, align 1, keep-with-next
    122          uint8 simpleMeterUnitOfMeasure = 0x01;
   \                     simpleMeterUnitOfMeasure:
   \   000000                DS 1
   \   000001                REQUIRE `?<Initializer for simpleMeterUnitOfMeasure>`
   \   000001                REQUIRE __INIT_XDATA_I

   \                                 In  segment XDATA_I, align 1, keep-with-next
    123          uint24 simpleMeterMultiplier = 0x01;
   \                     simpleMeterMultiplier:
   \   000000                DS 4
   \   000004                REQUIRE `?<Initializer for simpleMeterMultiplier>`
   \   000004                REQUIRE __INIT_XDATA_I

   \                                 In  segment XDATA_I, align 1, keep-with-next
    124          uint24 simpleMeterDivisor = 0x01;
   \                     simpleMeterDivisor:
   \   000000                DS 4
   \   000004                REQUIRE `?<Initializer for simpleMeterDivisor>`
   \   000004                REQUIRE __INIT_XDATA_I

   \                                 In  segment XDATA_I, align 1, keep-with-next
    125          uint8 simpleMeterSummationFormating = 0x01;
   \                     simpleMeterSummationFormating:
   \   000000                DS 1
   \   000001                REQUIRE `?<Initializer for simpleMeterSummationFormatin`
   \   000001                REQUIRE __INIT_XDATA_I

   \                                 In  segment XDATA_I, align 1, keep-with-next
    126          uint8 simpleMeterDemandFormatting = 0x01;
   \                     simpleMeterDemandFormatting:
   \   000000                DS 1
   \   000001                REQUIRE `?<Initializer for simpleMeterDemandFormatting>`
   \   000001                REQUIRE __INIT_XDATA_I

   \                                 In  segment XDATA_I, align 1, keep-with-next
    127          uint8 simpleMeterHistoricalConsumptionFormatting = 0x01;
   \                     simpleMeterHistoricalConsumptionFormatting:
   \   000000                DS 1
   \   000001                REQUIRE `?<Initializer for simpleMeterHistoricalConsump`
   \   000001                REQUIRE __INIT_XDATA_I

   \                                 In  segment XDATA_Z, align 1, keep-with-next
    128          uint8 simpleMeterDeviceType = 0x00;
   \                     simpleMeterDeviceType:
   \   000000                DS 1
   \   000001                REQUIRE __INIT_XDATA_Z
    129          
    130          // Simple Metering Cluster - SimpleMeter Historical Consumption Attributes

   \                                 In  segment XDATA_I, align 1, keep-with-next
    131          int24 simpleMeterInstanteneousDemand = 0x01;
   \                     simpleMeterInstanteneousDemand:
   \   000000                DS 4
   \   000004                REQUIRE `?<Initializer for simpleMeterInstanteneousDema`
   \   000004                REQUIRE __INIT_XDATA_I

   \                                 In  segment XDATA_I, align 1, keep-with-next
    132          uint24 simpleMeterCurrentdayConsumptionDelivered = 0x01;
   \                     simpleMeterCurrentdayConsumptionDelivered:
   \   000000                DS 4
   \   000004                REQUIRE `?<Initializer for simpleMeterCurrentdayConsump`
   \   000004                REQUIRE __INIT_XDATA_I

   \                                 In  segment XDATA_I, align 1, keep-with-next
    133          uint24 simpleMeterCurrentdayConsumptionReceived = 0x01;
   \                     simpleMeterCurrentdayConsumptionReceived:
   \   000000                DS 4
   \   000004                REQUIRE `?<Initializer for simpleMeterCurrentdayConsump_1`
   \   000004                REQUIRE __INIT_XDATA_I

   \                                 In  segment XDATA_I, align 1, keep-with-next
    134          uint24 simpleMeterPreviousdayConsumptionDelivered = 0x01;
   \                     simpleMeterPreviousdayConsumptionDelivered:
   \   000000                DS 4
   \   000004                REQUIRE `?<Initializer for simpleMeterPreviousdayConsum`
   \   000004                REQUIRE __INIT_XDATA_I

   \                                 In  segment XDATA_I, align 1, keep-with-next
    135          uint24 simpleMeterPreviousdayConsumtpionReceived = 0x01;
   \                     simpleMeterPreviousdayConsumtpionReceived:
   \   000000                DS 4
   \   000004                REQUIRE `?<Initializer for simpleMeterPreviousdayConsum_1`
   \   000004                REQUIRE __INIT_XDATA_I

   \                                 In  segment XDATA_I, align 1, keep-with-next
    136          UTCTime simpleMeterCurPartProfileIntStartTimeDelivered = 0x1000;
   \                     simpleMeterCurPartProfileIntStartTimeDelivered:
   \   000000                DS 4
   \   000004                REQUIRE `?<Initializer for simpleMeterCurPartProfileInt`
   \   000004                REQUIRE __INIT_XDATA_I

   \                                 In  segment XDATA_I, align 1, keep-with-next
    137          UTCTime simpleMeterCurPartProfileIntStartTimeReceived  = 0x2000;
   \                     simpleMeterCurPartProfileIntStartTimeReceived:
   \   000000                DS 4
   \   000004                REQUIRE `?<Initializer for simpleMeterCurPartProfileInt_1`
   \   000004                REQUIRE __INIT_XDATA_I

   \                                 In  segment XDATA_I, align 1, keep-with-next
    138          uint24 simpleMeterCurPartProfileIntValueDelivered = 0x0001;
   \                     simpleMeterCurPartProfileIntValueDelivered:
   \   000000                DS 4
   \   000004                REQUIRE `?<Initializer for simpleMeterCurPartProfileInt_2`
   \   000004                REQUIRE __INIT_XDATA_I

   \                                 In  segment XDATA_I, align 1, keep-with-next
    139          uint24 simpleMeterCurPartProfileIntValueReceived  = 0x0002;
   \                     simpleMeterCurPartProfileIntValueReceived:
   \   000000                DS 4
   \   000004                REQUIRE `?<Initializer for simpleMeterCurPartProfileInt_3`
   \   000004                REQUIRE __INIT_XDATA_I

   \                                 In  segment XDATA_I, align 1, keep-with-next
    140          uint8 simpleMeterMaxNumberOfPeriodsDelivered = 0x01;
   \                     simpleMeterMaxNumberOfPeriodsDelivered:
   \   000000                DS 1
   \   000001                REQUIRE `?<Initializer for simpleMeterMaxNumberOfPeriod`
   \   000001                REQUIRE __INIT_XDATA_I
    141          
    142          // Key Establishment

   \                                 In  segment XDATA_Z, align 1, keep-with-next
    143          uint16 simpleMeterKeyEstablishmentSuite = CERTIFICATE_BASED_KEY_ESTABLISHMENT;
   \                     simpleMeterKeyEstablishmentSuite:
   \   000000                DS 2
   \   000002                REQUIRE __INIT_XDATA_Z
    144          
    145          /*********************************************************************
    146           * ATTRIBUTE DEFINITIONS - Uses Cluster IDs
    147           */

   \                                 In  segment CODE_C, align 1
    148          CONST zclAttrRec_t simpleMeterAttrs[SIMPLEMETER_MAX_ATTRIBUTES] =
   \                     simpleMeterAttrs:
   \   000000   0000         DW 0
   \   000002   0000         DW 0
   \   000004   20           DB 32
   \   000005   01           DB 1
   \   000006   ....         DW simpleMeterZCLVersion
   \   000008   0000         DW 0
   \   00000A   0300         DW 3
   \   00000C   20           DB 32
   \   00000D   01           DB 1
   \   00000E   ....         DW simpleMeterHWVersion
   \   000010   0000         DW 0
   \   000012   0400         DW 4
   \   000014   42           DB 66
   \   000015   01           DB 1
   \   000016   ....         DW simpleMeterManufacturerName
   \   000018   0000         DW 0
   \   00001A   0500         DW 5
   \   00001C   42           DB 66
   \   00001D   01           DB 1
   \   00001E   ....         DW simpleMeterModelId
   \   000020   0000         DW 0
   \   000022   0600         DW 6
   \   000024   42           DB 66
   \   000025   01           DB 1
   \   000026   ....         DW simpleMeterDateCode
   \   000028   0000         DW 0
   \   00002A   0700         DW 7
   \   00002C   30           DB 48
   \   00002D   01           DB 1
   \   00002E   ....         DW simpleMeterPowerSource
   \   000030   0000         DW 0
   \   000032   1000         DW 16
   \   000034   42           DB 66
   \   000035   03           DB 3
   \   000036   ....         DW simpleMeterLocationDescription
   \   000038   0000         DW 0
   \   00003A   1100         DW 17
   \   00003C   30           DB 48
   \   00003D   03           DB 3
   \   00003E   ....         DW simpleMeterPhysicalEnvironment
   \   000040   0000         DW 0
   \   000042   1200         DW 18
   \   000044   10           DB 16
   \   000045   03           DB 3
   \   000046   ....         DW simpleMeterDeviceEnabled
   \   000048   0300         DW 3
   \   00004A   0000         DW 0
   \   00004C   21           DB 33
   \   00004D   03           DB 3
   \   00004E   ....         DW simpleMeterIdentifyTime
   \   000050   0A00         DW 10
   \   000052   0000         DW 0
   \   000054   E2           DB 226
   \   000055   01           DB 1
   \   000056   ....         DW simpleMeterTime
   \   000058   0A00         DW 10
   \   00005A   0100         DW 1
   \   00005C   18           DB 24
   \   00005D   01           DB 1
   \   00005E   ....         DW simpleMeterTimeStatus
   \   000060   0207         DW 1794
   \   000062   0000         DW 0
   \   000064   25           DB 37
   \   000065   01           DB 1
   \   000066   ....         DW simpleMeterCurrentSummationDelivered
   \   000068   0207         DW 1794
   \   00006A   0100         DW 1
   \   00006C   25           DB 37
   \   00006D   01           DB 1
   \   00006E   ....         DW simpleMeterCurrentSummationReceived
   \   000070   0207         DW 1794
   \   000072   0200         DW 2
   \   000074   25           DB 37
   \   000075   01           DB 1
   \   000076   ....         DW simpleMeterCurrentMaxDemandDelivered
   \   000078   0207         DW 1794
   \   00007A   0300         DW 3
   \   00007C   25           DB 37
   \   00007D   01           DB 1
   \   00007E   ....         DW simpleMeterCurrentMaxDemandReceived
   \   000080   0207         DW 1794
   \   000082   0001         DW 256
   \   000084   25           DB 37
   \   000085   01           DB 1
   \   000086   ....         DW simpleMeterCurrentTier1SummationDelivered
   \   000088   0207         DW 1794
   \   00008A   0101         DW 257
   \   00008C   25           DB 37
   \   00008D   01           DB 1
   \   00008E   ....         DW simpleMeterCurrentTier1SummationReceived
   \   000090   0207         DW 1794
   \   000092   0201         DW 258
   \   000094   25           DB 37
   \   000095   01           DB 1
   \   000096   ....         DW simpleMeterCurrentTier2SummationDelivered
   \   000098   0207         DW 1794
   \   00009A   0301         DW 259
   \   00009C   25           DB 37
   \   00009D   01           DB 1
   \   00009E   ....         DW simpleMeterCurrentTier2SummationReceived
   \   0000A0   0207         DW 1794
   \   0000A2   0401         DW 260
   \   0000A4   25           DB 37
   \   0000A5   01           DB 1
   \   0000A6   ....         DW simpleMeterCurrentTier3SummationDelivered
   \   0000A8   0207         DW 1794
   \   0000AA   0501         DW 261
   \   0000AC   25           DB 37
   \   0000AD   01           DB 1
   \   0000AE   ....         DW simpleMeterCurrentTier3SummationReceived
   \   0000B0   0207         DW 1794
   \   0000B2   0601         DW 262
   \   0000B4   25           DB 37
   \   0000B5   01           DB 1
   \   0000B6   ....         DW simpleMeterCurrentTier4SummationDelivered
   \   0000B8   0207         DW 1794
   \   0000BA   0701         DW 263
   \   0000BC   25           DB 37
   \   0000BD   01           DB 1
   \   0000BE   ....         DW simpleMeterCurrentTier4SummationReceived
   \   0000C0   0207         DW 1794
   \   0000C2   0801         DW 264
   \   0000C4   25           DB 37
   \   0000C5   01           DB 1
   \   0000C6   ....         DW simpleMeterCurrentTier5SummationDelivered
   \   0000C8   0207         DW 1794
   \   0000CA   0901         DW 265
   \   0000CC   25           DB 37
   \   0000CD   01           DB 1
   \   0000CE   ....         DW simpleMeterCurrentTier5SummationReceived
   \   0000D0   0207         DW 1794
   \   0000D2   0A01         DW 266
   \   0000D4   25           DB 37
   \   0000D5   01           DB 1
   \   0000D6   ....         DW simpleMeterCurrentTier6SummationDelivered
   \   0000D8   0207         DW 1794
   \   0000DA   0B01         DW 267
   \   0000DC   25           DB 37
   \   0000DD   01           DB 1
   \   0000DE   ....         DW simpleMeterCurrentTier6SummationReceived
   \   0000E0   0207         DW 1794
   \   0000E2   0400         DW 4
   \   0000E4   25           DB 37
   \   0000E5   01           DB 1
   \   0000E6   ....         DW simpleMeterDFTSummation
   \   0000E8   0207         DW 1794
   \   0000EA   0500         DW 5
   \   0000EC   21           DB 33
   \   0000ED   01           DB 1
   \   0000EE   ....         DW simpleMeterDailyFreezeTime
   \   0000F0   0207         DW 1794
   \   0000F2   0600         DW 6
   \   0000F4   28           DB 40
   \   0000F5   01           DB 1
   \   0000F6   ....         DW simpleMeterPowerFactor
   \   0000F8   0207         DW 1794
   \   0000FA   0700         DW 7
   \   0000FC   E2           DB 226
   \   0000FD   01           DB 1
   \   0000FE   ....         DW simpleMeterSnapshotTime
   \   000100   0207         DW 1794
   \   000102   0800         DW 8
   \   000104   E2           DB 226
   \   000105   01           DB 1
   \   000106   ....         DW simpleMeterMaxDemandDeliverdTime
   \   000108   0207         DW 1794
   \   00010A   0900         DW 9
   \   00010C   E2           DB 226
   \   00010D   01           DB 1
   \   00010E   ....         DW simpleMeterMaxDemandReceivedTime
   \   000110   0207         DW 1794
   \   000112   0A00         DW 10
   \   000114   20           DB 32
   \   000115   01           DB 1
   \   000116   ....         DW simpleMeterDefaultUpdatePeriod
   \   000118   0207         DW 1794
   \   00011A   0B00         DW 11
   \   00011C   20           DB 32
   \   00011D   01           DB 1
   \   00011E   ....         DW simpleMeterFastPollUpdatePeriod
   \   000120   0207         DW 1794
   \   000122   0002         DW 512
   \   000124   18           DB 24
   \   000125   01           DB 1
   \   000126   ....         DW simpleMeterStatus
   \   000128   0207         DW 1794
   \   00012A   0003         DW 768
   \   00012C   30           DB 48
   \   00012D   01           DB 1
   \   00012E   ....         DW simpleMeterUnitOfMeasure
   \   000130   0207         DW 1794
   \   000132   0103         DW 769
   \   000134   22           DB 34
   \   000135   01           DB 1
   \   000136   ....         DW simpleMeterMultiplier
   \   000138   0207         DW 1794
   \   00013A   0203         DW 770
   \   00013C   22           DB 34
   \   00013D   01           DB 1
   \   00013E   ....         DW simpleMeterDivisor
   \   000140   0207         DW 1794
   \   000142   0303         DW 771
   \   000144   18           DB 24
   \   000145   01           DB 1
   \   000146   ....         DW simpleMeterSummationFormating
   \   000148   0207         DW 1794
   \   00014A   0403         DW 772
   \   00014C   18           DB 24
   \   00014D   01           DB 1
   \   00014E   ....         DW simpleMeterDemandFormatting
   \   000150   0207         DW 1794
   \   000152   0503         DW 773
   \   000154   18           DB 24
   \   000155   01           DB 1
   \   000156   ....         DW simpleMeterHistoricalConsumptionFormatting
   \   000158   0207         DW 1794
   \   00015A   0603         DW 774
   \   00015C   18           DB 24
   \   00015D   01           DB 1
   \   00015E   ....         DW simpleMeterDeviceType
   \   000160   0207         DW 1794
   \   000162   0004         DW 1024
   \   000164   2A           DB 42
   \   000165   01           DB 1
   \   000166   ....         DW simpleMeterInstanteneousDemand
   \   000168   0207         DW 1794
   \   00016A   0104         DW 1025
   \   00016C   22           DB 34
   \   00016D   01           DB 1
   \   00016E   ....         DW simpleMeterCurrentdayConsumptionDelivered
   \   000170   0207         DW 1794
   \   000172   0204         DW 1026
   \   000174   22           DB 34
   \   000175   01           DB 1
   \   000176   ....         DW simpleMeterCurrentdayConsumptionReceived
   \   000178   0207         DW 1794
   \   00017A   0304         DW 1027
   \   00017C   22           DB 34
   \   00017D   01           DB 1
   \   00017E   ....         DW simpleMeterPreviousdayConsumptionDelivered
   \   000180   0207         DW 1794
   \   000182   0404         DW 1028
   \   000184   22           DB 34
   \   000185   01           DB 1
   \   000186   ....         DW simpleMeterPreviousdayConsumtpionReceived
   \   000188   0207         DW 1794
   \   00018A   0504         DW 1029
   \   00018C   E2           DB 226
   \   00018D   01           DB 1
   \   00018E   ....         DW simpleMeterCurPartProfileIntStartTimeDelivered
   \   000190   0207         DW 1794
   \   000192   0604         DW 1030
   \   000194   E2           DB 226
   \   000195   01           DB 1
   \   000196   ....         DW simpleMeterCurPartProfileIntStartTimeReceived
   \   000198   0207         DW 1794
   \   00019A   0704         DW 1031
   \   00019C   22           DB 34
   \   00019D   01           DB 1
   \   00019E   ....         DW simpleMeterCurPartProfileIntValueDelivered
   \   0001A0   0207         DW 1794
   \   0001A2   0804         DW 1032
   \   0001A4   22           DB 34
   \   0001A5   01           DB 1
   \   0001A6   ....         DW simpleMeterCurPartProfileIntValueReceived
   \   0001A8   0207         DW 1794
   \   0001AA   0005         DW 1280
   \   0001AC   20           DB 32
   \   0001AD   01           DB 1
   \   0001AE   ....         DW simpleMeterMaxNumberOfPeriodsDelivered
   \   0001B0   0008         DW 2048
   \   0001B2   0000         DW 0
   \   0001B4   19           DB 25
   \   0001B5   01           DB 1
   \   0001B6   ....         DW simpleMeterKeyEstablishmentSuite
    149          {
    150          
    151            // *** General Basic Cluster Attributes ***
    152            {
    153              ZCL_CLUSTER_ID_GEN_BASIC,              // Cluster IDs - defined in the foundation (ie. zcl.h)
    154              {  // Attribute record
    155                ATTRID_BASIC_ZCL_VERSION,           // Attribute ID - Found in Cluster Library header (ie. zcl_general.h)
    156                ZCL_DATATYPE_UINT8,                 // Data Type - found in zcl.h
    157                ACCESS_CONTROL_READ,                // Variable access control - found in zcl.h
    158                (void *)&simpleMeterZCLVersion      // Pointer to attribute variable
    159              }
    160            },
    161            {
    162              ZCL_CLUSTER_ID_GEN_BASIC,
    163              { // Attribute record
    164                ATTRID_BASIC_HW_VERSION,
    165                ZCL_DATATYPE_UINT8,
    166                ACCESS_CONTROL_READ,
    167                (void *)&simpleMeterHWVersion
    168              }
    169            },
    170            {
    171              ZCL_CLUSTER_ID_GEN_BASIC,
    172              { // Attribute record
    173                ATTRID_BASIC_MANUFACTURER_NAME,
    174                ZCL_DATATYPE_CHAR_STR,
    175                ACCESS_CONTROL_READ,
    176                (void *)simpleMeterManufacturerName
    177              }
    178            },
    179            {
    180              ZCL_CLUSTER_ID_GEN_BASIC,
    181              { // Attribute record
    182                ATTRID_BASIC_MODEL_ID,
    183                ZCL_DATATYPE_CHAR_STR,
    184                ACCESS_CONTROL_READ,
    185                (void *)simpleMeterModelId
    186              }
    187            },
    188            {
    189              ZCL_CLUSTER_ID_GEN_BASIC,
    190              { // Attribute record
    191                ATTRID_BASIC_DATE_CODE,
    192                ZCL_DATATYPE_CHAR_STR,
    193                ACCESS_CONTROL_READ,
    194                (void *)simpleMeterDateCode
    195              }
    196            },
    197            {
    198              ZCL_CLUSTER_ID_GEN_BASIC,
    199              { // Attribute record
    200                ATTRID_BASIC_POWER_SOURCE,
    201                ZCL_DATATYPE_ENUM8,
    202                ACCESS_CONTROL_READ,
    203                (void *)&simpleMeterPowerSource
    204              }
    205            },
    206            {
    207              ZCL_CLUSTER_ID_GEN_BASIC,
    208              { // Attribute record
    209                ATTRID_BASIC_LOCATION_DESC,
    210                ZCL_DATATYPE_CHAR_STR,
    211                (ACCESS_CONTROL_READ | ACCESS_CONTROL_WRITE),
    212                (void *)simpleMeterLocationDescription
    213              }
    214            },
    215            {
    216              ZCL_CLUSTER_ID_GEN_BASIC,
    217              { // Attribute record
    218                ATTRID_BASIC_PHYSICAL_ENV,
    219                ZCL_DATATYPE_ENUM8,
    220                (ACCESS_CONTROL_READ | ACCESS_CONTROL_WRITE),
    221                (void *)&simpleMeterPhysicalEnvironment
    222              }
    223            },
    224            {
    225              ZCL_CLUSTER_ID_GEN_BASIC,
    226              { // Attribute record
    227                ATTRID_BASIC_DEVICE_ENABLED,
    228                ZCL_DATATYPE_BOOLEAN,
    229                (ACCESS_CONTROL_READ | ACCESS_CONTROL_WRITE),
    230                (void *)&simpleMeterDeviceEnabled
    231              }
    232            },
    233          
    234            // *** Identify Cluster Attribute ***
    235            {
    236              ZCL_CLUSTER_ID_GEN_IDENTIFY,
    237              { // Attribute record
    238                ATTRID_IDENTIFY_TIME,
    239                ZCL_DATATYPE_UINT16,
    240                (ACCESS_CONTROL_READ | ACCESS_CONTROL_WRITE),
    241                (void *)&simpleMeterIdentifyTime
    242              }
    243            },
    244          
    245            // *** Time Cluster Attribute ***
    246            // In SE domain, only master clock will be used. Therefore
    247            // mark the access control to only readable.
    248            {
    249              ZCL_CLUSTER_ID_GEN_TIME,
    250              { // Attribute record
    251                ATTRID_TIME_TIME,
    252                ZCL_DATATYPE_UTC,
    253                ACCESS_CONTROL_READ,
    254                (void *)&simpleMeterTime
    255              }
    256            },
    257            // In SE domain, only master clock will be used. Therefore
    258            // mark the access control to only readable.
    259            {
    260              ZCL_CLUSTER_ID_GEN_TIME,
    261              { // Attribute record
    262                ATTRID_TIME_STATUS,
    263                ZCL_DATATYPE_BITMAP8,
    264                ACCESS_CONTROL_READ,
    265                (void *)&simpleMeterTimeStatus
    266              }
    267            },
    268          
    269          
    270            // SE Attributes
    271            {
    272              ZCL_CLUSTER_ID_SE_SIMPLE_METERING,              // Cluster IDs - defined in the profile (ie. se.h)
    273              {  // Attribute record
    274                ATTRID_SE_CURRENT_SUMMATION_DELIVERED,        // Attribute ID - Found in Cluster Library header (ie. zcl_general.h)
    275                ZCL_DATATYPE_UINT48,                          // Data Type - found in zcl.h
    276                ACCESS_CONTROL_READ,                          // Variable access control - found in zcl.h
    277                (void *)simpleMeterCurrentSummationDelivered  // Pointer to attribute variable
    278              }
    279            },
    280            {
    281              ZCL_CLUSTER_ID_SE_SIMPLE_METERING,
    282              {  // Attribute record
    283                ATTRID_SE_CURRENT_SUMMATION_RECEIVED,
    284                ZCL_DATATYPE_UINT48,
    285                ACCESS_CONTROL_READ,
    286                (void *)simpleMeterCurrentSummationReceived
    287              }
    288            },
    289            {
    290              ZCL_CLUSTER_ID_SE_SIMPLE_METERING,
    291              {  // Attribute record
    292                ATTRID_SE_CURRENT_MAX_DEMAND_DELIVERED,
    293                ZCL_DATATYPE_UINT48,
    294                ACCESS_CONTROL_READ,
    295                (void *)simpleMeterCurrentMaxDemandDelivered
    296              }
    297            },
    298            {
    299              ZCL_CLUSTER_ID_SE_SIMPLE_METERING,
    300              {  // Attribute record
    301                ATTRID_SE_CURRENT_MAX_DEMAND_RECEIVED,
    302                ZCL_DATATYPE_UINT48,
    303                ACCESS_CONTROL_READ,
    304                (void *)simpleMeterCurrentMaxDemandReceived
    305              }
    306            },
    307            {
    308              ZCL_CLUSTER_ID_SE_SIMPLE_METERING,
    309              {  // Attribute record
    310                ATTRID_SE_CURRENT_TIER1_SUMMATION_DELIVERED,
    311                ZCL_DATATYPE_UINT48,
    312                ACCESS_CONTROL_READ,
    313                (void *)simpleMeterCurrentTier1SummationDelivered
    314              }
    315            },
    316            {
    317              ZCL_CLUSTER_ID_SE_SIMPLE_METERING,
    318              {  // Attribute record
    319                ATTRID_SE_CURRENT_TIER1_SUMMATION_RECEIVED,
    320                ZCL_DATATYPE_UINT48,
    321                ACCESS_CONTROL_READ,
    322                (void *)simpleMeterCurrentTier1SummationReceived
    323              }
    324            },
    325            {
    326              ZCL_CLUSTER_ID_SE_SIMPLE_METERING,
    327              {  // Attribute record
    328                ATTRID_SE_CURRENT_TIER2_SUMMATION_DELIVERED,
    329                ZCL_DATATYPE_UINT48,
    330                ACCESS_CONTROL_READ,
    331                (void *)simpleMeterCurrentTier2SummationDelivered
    332              }
    333            },
    334            {
    335              ZCL_CLUSTER_ID_SE_SIMPLE_METERING,
    336              {  // Attribute record
    337                ATTRID_SE_CURRENT_TIER2_SUMMATION_RECEIVED,
    338                ZCL_DATATYPE_UINT48,
    339                ACCESS_CONTROL_READ,
    340                (void *)simpleMeterCurrentTier2SummationReceived
    341              }
    342            },
    343            {
    344              ZCL_CLUSTER_ID_SE_SIMPLE_METERING,
    345              {  // Attribute record
    346                ATTRID_SE_CURRENT_TIER3_SUMMATION_DELIVERED,
    347                ZCL_DATATYPE_UINT48,
    348                ACCESS_CONTROL_READ,
    349                (void *)simpleMeterCurrentTier3SummationDelivered
    350              }
    351            },
    352            {
    353              ZCL_CLUSTER_ID_SE_SIMPLE_METERING,
    354              {  // Attribute record
    355                ATTRID_SE_CURRENT_TIER3_SUMMATION_RECEIVED,
    356                ZCL_DATATYPE_UINT48,
    357                ACCESS_CONTROL_READ,
    358                (void *)simpleMeterCurrentTier3SummationReceived
    359              }
    360            },
    361            {
    362              ZCL_CLUSTER_ID_SE_SIMPLE_METERING,
    363              {  // Attribute record
    364                ATTRID_SE_CURRENT_TIER4_SUMMATION_DELIVERED,
    365                ZCL_DATATYPE_UINT48,
    366                ACCESS_CONTROL_READ,
    367                (void *)simpleMeterCurrentTier4SummationDelivered
    368              }
    369            },
    370            {
    371              ZCL_CLUSTER_ID_SE_SIMPLE_METERING,
    372              {  // Attribute record
    373                ATTRID_SE_CURRENT_TIER4_SUMMATION_RECEIVED,
    374                ZCL_DATATYPE_UINT48,
    375                ACCESS_CONTROL_READ,
    376                (void *)simpleMeterCurrentTier4SummationReceived
    377              }
    378            },
    379            {
    380              ZCL_CLUSTER_ID_SE_SIMPLE_METERING,
    381              {  // Attribute record
    382                ATTRID_SE_CURRENT_TIER5_SUMMATION_DELIVERED,
    383                ZCL_DATATYPE_UINT48,
    384                ACCESS_CONTROL_READ,
    385                (void *)simpleMeterCurrentTier5SummationDelivered
    386              }
    387            },
    388            {
    389              ZCL_CLUSTER_ID_SE_SIMPLE_METERING,
    390              {  // Attribute record
    391                ATTRID_SE_CURRENT_TIER5_SUMMATION_RECEIVED,
    392                ZCL_DATATYPE_UINT48,
    393                ACCESS_CONTROL_READ,
    394                (void *)simpleMeterCurrentTier5SummationReceived
    395              }
    396            },
    397             {
    398              ZCL_CLUSTER_ID_SE_SIMPLE_METERING,
    399              {  // Attribute record
    400                ATTRID_SE_CURRENT_TIER6_SUMMATION_DELIVERED,
    401                ZCL_DATATYPE_UINT48,
    402                ACCESS_CONTROL_READ,
    403                (void *)simpleMeterCurrentTier6SummationDelivered
    404              }
    405            },
    406            {
    407              ZCL_CLUSTER_ID_SE_SIMPLE_METERING,
    408              {  // Attribute record
    409                ATTRID_SE_CURRENT_TIER6_SUMMATION_RECEIVED,
    410                ZCL_DATATYPE_UINT48,
    411                ACCESS_CONTROL_READ,
    412                (void *)simpleMeterCurrentTier6SummationReceived
    413              }
    414            },
    415            {
    416              ZCL_CLUSTER_ID_SE_SIMPLE_METERING,
    417              {  // Attribute record
    418                ATTRID_SE_DFT_SUMMATION,
    419                ZCL_DATATYPE_UINT48,
    420                ACCESS_CONTROL_READ,
    421                (void *)simpleMeterDFTSummation
    422              }
    423            },
    424            {
    425              ZCL_CLUSTER_ID_SE_SIMPLE_METERING,
    426              {  // Attribute record
    427                ATTRID_SE_DAILY_FREEZE_TIME,
    428                ZCL_DATATYPE_UINT16,
    429                ACCESS_CONTROL_READ,
    430                (void *)&simpleMeterDailyFreezeTime
    431              }
    432            },
    433            {
    434              ZCL_CLUSTER_ID_SE_SIMPLE_METERING,
    435              {  // Attribute record
    436                ATTRID_SE_POWER_FACTOR,
    437                ZCL_DATATYPE_INT8,
    438                ACCESS_CONTROL_READ,
    439                (void *)&simpleMeterPowerFactor
    440              }
    441            },
    442            {
    443              ZCL_CLUSTER_ID_SE_SIMPLE_METERING,
    444              {  // Attribute record
    445                ATTRID_SE_READING_SNAPSHOT_TIME,
    446                ZCL_DATATYPE_UTC,
    447                ACCESS_CONTROL_READ,
    448                (void *)&simpleMeterSnapshotTime
    449              }
    450            },
    451              {
    452              ZCL_CLUSTER_ID_SE_SIMPLE_METERING,
    453              {  // Attribute record
    454                ATTRID_SE_CURRENT_MAX_DEMAND_DELIVERD_TIME,
    455                ZCL_DATATYPE_UTC,
    456                ACCESS_CONTROL_READ,
    457                (void *)&simpleMeterMaxDemandDeliverdTime
    458              }
    459            },
    460              {
    461              ZCL_CLUSTER_ID_SE_SIMPLE_METERING,
    462              {  // Attribute record
    463                ATTRID_SE_CURRENT_MAX_DEMAND_RECEIVED_TIME,
    464                ZCL_DATATYPE_UTC,
    465                ACCESS_CONTROL_READ,
    466                (void *)&simpleMeterMaxDemandReceivedTime
    467              }
    468            },
    469            {
    470              ZCL_CLUSTER_ID_SE_SIMPLE_METERING,
    471              {  // Attribute record
    472                ATTRID_SE_DEFAULT_UPDATE_PERIOD,
    473                ZCL_DATATYPE_UINT8,
    474                ACCESS_CONTROL_READ,
    475                (void *)&simpleMeterDefaultUpdatePeriod
    476              }
    477            },
    478            {
    479              ZCL_CLUSTER_ID_SE_SIMPLE_METERING,
    480              {  // Attribute record
    481                ATTRID_SE_FAST_POLL_UPDATE_PERIOD,
    482                ZCL_DATATYPE_UINT8,
    483                ACCESS_CONTROL_READ,
    484                (void *)&simpleMeterFastPollUpdatePeriod
    485              }
    486            },
    487            {
    488              ZCL_CLUSTER_ID_SE_SIMPLE_METERING,
    489              {  // Attribute record
    490                ATTRID_SE_STATUS,
    491                ZCL_DATATYPE_BITMAP8,
    492                ACCESS_CONTROL_READ,
    493                (void *)&simpleMeterStatus
    494              }
    495            },
    496          
    497            {
    498              ZCL_CLUSTER_ID_SE_SIMPLE_METERING,
    499              {  // Attribute record
    500                ATTRID_SE_UNIT_OF_MEASURE,
    501                ZCL_DATATYPE_ENUM8,
    502                ACCESS_CONTROL_READ,
    503                (void *)&simpleMeterUnitOfMeasure
    504              }
    505            },
    506            {
    507              ZCL_CLUSTER_ID_SE_SIMPLE_METERING,
    508              {  // Attribute record
    509                ATTRID_SE_MULTIPLIER,
    510                ZCL_DATATYPE_UINT24,
    511                ACCESS_CONTROL_READ,
    512                (void *)&simpleMeterMultiplier
    513              }
    514            },
    515            {
    516              ZCL_CLUSTER_ID_SE_SIMPLE_METERING,
    517              {  // Attribute record
    518                ATTRID_SE_DIVISOR,
    519                ZCL_DATATYPE_UINT24,
    520                ACCESS_CONTROL_READ,
    521                (void *)&simpleMeterDivisor
    522              }
    523            },
    524            {
    525              ZCL_CLUSTER_ID_SE_SIMPLE_METERING,
    526              {  // Attribute record
    527                ATTRID_SE_SUMMATION_FORMATTING,
    528                ZCL_DATATYPE_BITMAP8,
    529                ACCESS_CONTROL_READ,
    530                (void *)&simpleMeterSummationFormating
    531              }
    532            },
    533            {
    534              ZCL_CLUSTER_ID_SE_SIMPLE_METERING,
    535              {  // Attribute record
    536                ATTRID_SE_DEMAND_FORMATTING,
    537                ZCL_DATATYPE_BITMAP8,
    538                ACCESS_CONTROL_READ,
    539                (void *)&simpleMeterDemandFormatting
    540              }
    541            },
    542            {
    543              ZCL_CLUSTER_ID_SE_SIMPLE_METERING,
    544              {  // Attribute record
    545                ATTRID_SE_HISTORICAL_CONSUMPTION_FORMATTING,
    546                ZCL_DATATYPE_BITMAP8,
    547                ACCESS_CONTROL_READ,
    548                (void *)&simpleMeterHistoricalConsumptionFormatting
    549              }
    550            },
    551            {
    552              ZCL_CLUSTER_ID_SE_SIMPLE_METERING,
    553              {  // Attribute record
    554                ATTRID_SE_METERING_DEVICE_TYPE,
    555                ZCL_DATATYPE_BITMAP8,
    556                ACCESS_CONTROL_READ,
    557                (void *)&simpleMeterDeviceType
    558              }
    559            },
    560            {
    561              ZCL_CLUSTER_ID_SE_SIMPLE_METERING,
    562              {  // Attribute record
    563                ATTRID_SE_INSTANTANEOUS_DEMAND,
    564                ZCL_DATATYPE_INT24,
    565                ACCESS_CONTROL_READ,
    566                (void *)&simpleMeterInstanteneousDemand
    567              }
    568            },
    569            {
    570              ZCL_CLUSTER_ID_SE_SIMPLE_METERING,
    571              {  // Attribute record
    572                ATTRID_SE_CURRENTDAY_CONSUMPTION_DELIVERED,
    573                ZCL_DATATYPE_UINT24,
    574                ACCESS_CONTROL_READ,
    575                (void *)&simpleMeterCurrentdayConsumptionDelivered
    576              }
    577            },
    578            {
    579              ZCL_CLUSTER_ID_SE_SIMPLE_METERING,
    580              {  // Attribute record
    581                ATTRID_SE_CURRENTDAY_CONSUMPTION_RECEIVED,
    582                ZCL_DATATYPE_UINT24,
    583                ACCESS_CONTROL_READ,
    584                (void *)&simpleMeterCurrentdayConsumptionReceived
    585              }
    586            },
    587            {
    588              ZCL_CLUSTER_ID_SE_SIMPLE_METERING,
    589              {  // Attribute record
    590                ATTRID_SE_PREVIOUSDAY_CONSUMPTION_DELIVERED,
    591                ZCL_DATATYPE_UINT24,
    592                ACCESS_CONTROL_READ,
    593                (void *)&simpleMeterPreviousdayConsumptionDelivered
    594              }
    595            },
    596            {
    597              ZCL_CLUSTER_ID_SE_SIMPLE_METERING,
    598              {  // Attribute record
    599                ATTRID_SE_PREVIOUSDAY_CONSUMPTION_RECEIVED,
    600                ZCL_DATATYPE_UINT24,
    601                ACCESS_CONTROL_READ,
    602                (void *)&simpleMeterPreviousdayConsumtpionReceived
    603              }
    604            },
    605            {
    606              ZCL_CLUSTER_ID_SE_SIMPLE_METERING,       
    607              {  // Attribute record
    608                ATTRID_SE_CUR_PART_PROFILE_INT_START_TIME_DELIVERED,    
    609                ZCL_DATATYPE_UTC,                       
    610                ACCESS_CONTROL_READ,                       
    611                (void *)&simpleMeterCurPartProfileIntStartTimeDelivered  
    612              }
    613            },
    614            {
    615              ZCL_CLUSTER_ID_SE_SIMPLE_METERING,       
    616              {  // Attribute record
    617                ATTRID_SE_CUR_PART_PROFILE_INT_START_TIME_RECEIVED,    
    618                ZCL_DATATYPE_UTC,                       
    619                ACCESS_CONTROL_READ,                       
    620                (void *)&simpleMeterCurPartProfileIntStartTimeReceived  
    621              }
    622            },
    623            {
    624              ZCL_CLUSTER_ID_SE_SIMPLE_METERING,       
    625              {  // Attribute record
    626                ATTRID_SE_CUR_PART_PROFILE_INT_VALUE_DELIVERED,    
    627                ZCL_DATATYPE_UINT24,                       
    628                ACCESS_CONTROL_READ,                       
    629                (void *)&simpleMeterCurPartProfileIntValueDelivered  
    630              }
    631            },
    632            {
    633              ZCL_CLUSTER_ID_SE_SIMPLE_METERING,       
    634              {  // Attribute record
    635                ATTRID_SE_CUR_PART_PROFILE_INT_VALUE_RECEIVED,    
    636                ZCL_DATATYPE_UINT24,                       
    637                ACCESS_CONTROL_READ,                       
    638                (void *)&simpleMeterCurPartProfileIntValueReceived  
    639              }
    640            },
    641          
    642            {
    643              ZCL_CLUSTER_ID_SE_SIMPLE_METERING,
    644              {  // Attribute record
    645                ATTRID_SE_MAX_NUMBER_OF_PERIODS_DELIVERED,
    646                ZCL_DATATYPE_UINT8,
    647                ACCESS_CONTROL_READ,
    648                (void *)&simpleMeterMaxNumberOfPeriodsDelivered
    649              }
    650            },
    651            {
    652              ZCL_CLUSTER_ID_GEN_KEY_ESTABLISHMENT,
    653              {  // Attribute record
    654                ATTRID_KEY_ESTABLISH_SUITE,
    655                ZCL_DATATYPE_BITMAP16,
    656                ACCESS_CONTROL_READ,
    657                (void *)&simpleMeterKeyEstablishmentSuite
    658              }
    659            },
    660          };
    661          
    662          /*********************************************************************
    663           * CLUSTER OPTION DEFINITIONS
    664           */

   \                                 In  segment XDATA_I, align 1, keep-with-next
    665          zclOptionRec_t simpleMeterOptions[SIMPLEMETER_MAX_OPTIONS] =
   \                     simpleMeterOptions:
   \   000000                DS 6
   \   000006                REQUIRE `?<Initializer for simpleMeterOptions>`
   \   000006                REQUIRE __INIT_XDATA_I
    666          {
    667            // *** General Cluster Options ***
    668            {
    669              ZCL_CLUSTER_ID_GEN_TIME,                      // Cluster IDs - defined in the foundation (ie. zcl.h)
    670              ( AF_EN_SECURITY /*| AF_ACK_REQUEST*/ ),      // Options - Found in AF header (ie. AF.h)
    671            },
    672          
    673            // *** Smart Energy Cluster Options ***
    674            {
    675              ZCL_CLUSTER_ID_SE_SIMPLE_METERING,
    676              ( AF_EN_SECURITY ),
    677            },
    678          };
    679          
    680          /*********************************************************************
    681           * SIMPLE DESCRIPTOR
    682           */
    683          // This is the Cluster ID List and should be filled with Application
    684          // specific cluster IDs.
    685          #define SIMPLEMETER_MAX_INCLUSTERS       4

   \                                 In  segment XDATA_ROM_C, align 1
    686          const cId_t simpleMeterInClusterList[SIMPLEMETER_MAX_INCLUSTERS] =
   \                     simpleMeterInClusterList:
   \   000000   0000         DW 0
   \   000002   0300         DW 3
   \   000004   0A00         DW 10
   \   000006   0207         DW 1794
    687          {
    688            ZCL_CLUSTER_ID_GEN_BASIC,
    689            ZCL_CLUSTER_ID_GEN_IDENTIFY,
    690            ZCL_CLUSTER_ID_GEN_TIME,
    691            ZCL_CLUSTER_ID_SE_SIMPLE_METERING
    692          };
    693          
    694          #define SIMPLEMETER_MAX_OUTCLUSTERS       4

   \                                 In  segment XDATA_ROM_C, align 1
    695          const cId_t simpleMeterOutClusterList[SIMPLEMETER_MAX_OUTCLUSTERS] =
   \                     simpleMeterOutClusterList:
   \   000000   0000         DW 0
   \   000002   0300         DW 3
   \   000004   0A00         DW 10
   \   000006   0207         DW 1794
    696          {
    697            ZCL_CLUSTER_ID_GEN_BASIC,
    698            ZCL_CLUSTER_ID_GEN_IDENTIFY,
    699            ZCL_CLUSTER_ID_GEN_TIME,
    700            ZCL_CLUSTER_ID_SE_SIMPLE_METERING
    701          };
    702          

   \                                 In  segment XDATA_I, align 1, keep-with-next
    703          SimpleDescriptionFormat_t simpleMeterSimpleDesc =
   \                     simpleMeterSimpleDesc:
   \   000000                DS 12
   \   00000C                REQUIRE `?<Initializer for simpleMeterSimpleDesc>`
   \   00000C                REQUIRE __INIT_XDATA_I

   \                                 In  segment XDATA_ID, align 1, keep-with-next
   \                     `?<Initializer for simpleMeterLocationDescripti`:
   \   000000   10           DB 16
   \   000001   20           DB 32
   \   000002   20           DB 32
   \   000003   20           DB 32
   \   000004   20           DB 32
   \   000005   20           DB 32
   \   000006   20           DB 32
   \   000007   20           DB 32
   \   000008   20           DB 32
   \   000009   20           DB 32
   \   00000A   20           DB 32
   \   00000B   20           DB 32
   \   00000C   20           DB 32
   \   00000D   20           DB 32
   \   00000E   20           DB 32
   \   00000F   20           DB 32
   \   000010   20           DB 32

   \                                 In  segment XDATA_ID, align 1, keep-with-next
   \                     `?<Initializer for simpleMeterDeviceEnabled>`:
   \   000000   01           DB 1

   \                                 In  segment XDATA_ID, align 1, keep-with-next
   \                     `?<Initializer for simpleMeterTimeStatus>`:
   \   000000   01           DB 1

   \                                 In  segment XDATA_ID, align 1, keep-with-next
   \                     `?<Initializer for simpleMeterCurrentSummationD`:
   \   000000   11           DB 17
   \   000001   22           DB 34
   \   000002   33           DB 51
   \   000003   44           DB 68
   \   000004   55           DB 85
   \   000005   66           DB 102

   \                                 In  segment XDATA_ID, align 1, keep-with-next
   \                     `?<Initializer for simpleMeterCurrentSummationR`:
   \   000000   11           DB 17
   \   000001   22           DB 34
   \   000002   33           DB 51
   \   000003   44           DB 68
   \   000004   55           DB 85
   \   000005   66           DB 102

   \                                 In  segment XDATA_ID, align 1, keep-with-next
   \                     `?<Initializer for simpleMeterCurrentMaxDemandD`:
   \   000000   11           DB 17
   \   000001   22           DB 34
   \   000002   33           DB 51
   \   000003   44           DB 68
   \   000004   55           DB 85
   \   000005   66           DB 102

   \                                 In  segment XDATA_ID, align 1, keep-with-next
   \                     `?<Initializer for simpleMeterCurrentMaxDemandR`:
   \   000000   11           DB 17
   \   000001   22           DB 34
   \   000002   33           DB 51
   \   000003   44           DB 68
   \   000004   55           DB 85
   \   000005   66           DB 102

   \                                 In  segment XDATA_ID, align 1, keep-with-next
   \                     `?<Initializer for simpleMeterCurrentTier1Summa`:
   \   000000   11           DB 17
   \   000001   22           DB 34
   \   000002   33           DB 51
   \   000003   44           DB 68
   \   000004   55           DB 85
   \   000005   66           DB 102

   \                                 In  segment XDATA_ID, align 1, keep-with-next
   \                     `?<Initializer for simpleMeterCurrentTier1Summa_1`:
   \   000000   11           DB 17
   \   000001   22           DB 34
   \   000002   33           DB 51
   \   000003   44           DB 68
   \   000004   55           DB 85
   \   000005   66           DB 102

   \                                 In  segment XDATA_ID, align 1, keep-with-next
   \                     `?<Initializer for simpleMeterCurrentTier2Summa`:
   \   000000   11           DB 17
   \   000001   22           DB 34
   \   000002   33           DB 51
   \   000003   44           DB 68
   \   000004   55           DB 85
   \   000005   66           DB 102

   \                                 In  segment XDATA_ID, align 1, keep-with-next
   \                     `?<Initializer for simpleMeterCurrentTier2Summa_1`:
   \   000000   11           DB 17
   \   000001   22           DB 34
   \   000002   33           DB 51
   \   000003   44           DB 68
   \   000004   55           DB 85
   \   000005   66           DB 102

   \                                 In  segment XDATA_ID, align 1, keep-with-next
   \                     `?<Initializer for simpleMeterCurrentTier3Summa`:
   \   000000   11           DB 17
   \   000001   22           DB 34
   \   000002   33           DB 51
   \   000003   44           DB 68
   \   000004   55           DB 85
   \   000005   66           DB 102

   \                                 In  segment XDATA_ID, align 1, keep-with-next
   \                     `?<Initializer for simpleMeterCurrentTier3Summa_1`:
   \   000000   11           DB 17
   \   000001   22           DB 34
   \   000002   33           DB 51
   \   000003   44           DB 68
   \   000004   55           DB 85
   \   000005   66           DB 102

   \                                 In  segment XDATA_ID, align 1, keep-with-next
   \                     `?<Initializer for simpleMeterCurrentTier4Summa`:
   \   000000   11           DB 17
   \   000001   22           DB 34
   \   000002   33           DB 51
   \   000003   44           DB 68
   \   000004   55           DB 85
   \   000005   66           DB 102

   \                                 In  segment XDATA_ID, align 1, keep-with-next
   \                     `?<Initializer for simpleMeterCurrentTier4Summa_1`:
   \   000000   11           DB 17
   \   000001   22           DB 34
   \   000002   33           DB 51
   \   000003   44           DB 68
   \   000004   55           DB 85
   \   000005   66           DB 102

   \                                 In  segment XDATA_ID, align 1, keep-with-next
   \                     `?<Initializer for simpleMeterCurrentTier5Summa`:
   \   000000   11           DB 17
   \   000001   22           DB 34
   \   000002   33           DB 51
   \   000003   44           DB 68
   \   000004   55           DB 85
   \   000005   66           DB 102

   \                                 In  segment XDATA_ID, align 1, keep-with-next
   \                     `?<Initializer for simpleMeterCurrentTier5Summa_1`:
   \   000000   11           DB 17
   \   000001   22           DB 34
   \   000002   33           DB 51
   \   000003   44           DB 68
   \   000004   55           DB 85
   \   000005   66           DB 102

   \                                 In  segment XDATA_ID, align 1, keep-with-next
   \                     `?<Initializer for simpleMeterCurrentTier6Summa`:
   \   000000   11           DB 17
   \   000001   22           DB 34
   \   000002   33           DB 51
   \   000003   44           DB 68
   \   000004   55           DB 85
   \   000005   66           DB 102

   \                                 In  segment XDATA_ID, align 1, keep-with-next
   \                     `?<Initializer for simpleMeterCurrentTier6Summa_1`:
   \   000000   11           DB 17
   \   000001   22           DB 34
   \   000002   33           DB 51
   \   000003   44           DB 68
   \   000004   55           DB 85
   \   000005   66           DB 102

   \                                 In  segment XDATA_ID, align 1, keep-with-next
   \                     `?<Initializer for simpleMeterDFTSummation>`:
   \   000000   11           DB 17
   \   000001   22           DB 34
   \   000002   33           DB 51
   \   000003   44           DB 68
   \   000004   55           DB 85
   \   000005   66           DB 102

   \                                 In  segment XDATA_ID, align 1, keep-with-next
   \                     `?<Initializer for simpleMeterDailyFreezeTime>`:
   \   000000   0100         DW 1

   \                                 In  segment XDATA_ID, align 1, keep-with-next
   \                     `?<Initializer for simpleMeterPowerFactor>`:
   \   000000   01           DB 1

   \                                 In  segment XDATA_ID, align 1, keep-with-next
   \                     `?<Initializer for simpleMeterDefaultUpdatePeri`:
   \   000000   1E           DB 30

   \                                 In  segment XDATA_ID, align 1, keep-with-next
   \                     `?<Initializer for simpleMeterFastPollUpdatePer`:
   \   000000   05           DB 5

   \                                 In  segment XDATA_ID, align 1, keep-with-next
   \                     `?<Initializer for simpleMeterStatus>`:
   \   000000   12           DB 18

   \                                 In  segment XDATA_ID, align 1, keep-with-next
   \                     `?<Initializer for simpleMeterUnitOfMeasure>`:
   \   000000   01           DB 1

   \                                 In  segment XDATA_ID, align 1, keep-with-next
   \                     `?<Initializer for simpleMeterMultiplier>`:
   \   000000   01000000     DD 1

   \                                 In  segment XDATA_ID, align 1, keep-with-next
   \                     `?<Initializer for simpleMeterDivisor>`:
   \   000000   01000000     DD 1

   \                                 In  segment XDATA_ID, align 1, keep-with-next
   \                     `?<Initializer for simpleMeterSummationFormatin`:
   \   000000   01           DB 1

   \                                 In  segment XDATA_ID, align 1, keep-with-next
   \                     `?<Initializer for simpleMeterDemandFormatting>`:
   \   000000   01           DB 1

   \                                 In  segment XDATA_ID, align 1, keep-with-next
   \                     `?<Initializer for simpleMeterHistoricalConsump`:
   \   000000   01           DB 1

   \                                 In  segment XDATA_ID, align 1, keep-with-next
   \                     `?<Initializer for simpleMeterInstanteneousDema`:
   \   000000   01000000     DD 1

   \                                 In  segment XDATA_ID, align 1, keep-with-next
   \                     `?<Initializer for simpleMeterCurrentdayConsump`:
   \   000000   01000000     DD 1

   \                                 In  segment XDATA_ID, align 1, keep-with-next
   \                     `?<Initializer for simpleMeterCurrentdayConsump_1`:
   \   000000   01000000     DD 1

   \                                 In  segment XDATA_ID, align 1, keep-with-next
   \                     `?<Initializer for simpleMeterPreviousdayConsum`:
   \   000000   01000000     DD 1

   \                                 In  segment XDATA_ID, align 1, keep-with-next
   \                     `?<Initializer for simpleMeterPreviousdayConsum_1`:
   \   000000   01000000     DD 1

   \                                 In  segment XDATA_ID, align 1, keep-with-next
   \                     `?<Initializer for simpleMeterCurPartProfileInt`:
   \   000000   00100000     DD 4096

   \                                 In  segment XDATA_ID, align 1, keep-with-next
   \                     `?<Initializer for simpleMeterCurPartProfileInt_1`:
   \   000000   00200000     DD 8192

   \                                 In  segment XDATA_ID, align 1, keep-with-next
   \                     `?<Initializer for simpleMeterCurPartProfileInt_2`:
   \   000000   01000000     DD 1

   \                                 In  segment XDATA_ID, align 1, keep-with-next
   \                     `?<Initializer for simpleMeterCurPartProfileInt_3`:
   \   000000   02000000     DD 2

   \                                 In  segment XDATA_ID, align 1, keep-with-next
   \                     `?<Initializer for simpleMeterMaxNumberOfPeriod`:
   \   000000   01           DB 1

   \                                 In  segment XDATA_ID, align 1, keep-with-next
   \                     `?<Initializer for simpleMeterOptions>`:
   \   000000   0A00         DW 10
   \   000002   40           DB 64
   \   000003   0207         DW 1794
   \   000005   40           DB 64

   \                                 In  segment XDATA_ID, align 1, keep-with-next
   \                     `?<Initializer for simpleMeterSimpleDesc>`:
   \   000000   09           DB 9
   \   000001   0901         DW 265
   \   000003   0105         DW 1281
   \   000005   00           DB 0
   \   000006   04           DB 4
   \   000007   ....         DW simpleMeterInClusterList
   \   000009   04           DB 4
   \   00000A   ....         DW simpleMeterOutClusterList
    704          {
    705            SIMPLEMETER_ENDPOINT,                       //  uint8 Endpoint;
    706            ZCL_SE_PROFILE_ID,                          //  uint16 AppProfId[2];
    707            ZCL_SE_DEVICEID_METER,                      //  uint16 AppDeviceId[2];
    708            SIMPLEMETER_DEVICE_VERSION,                 //  int   AppDevVer:4;
    709            SIMPLEMETER_FLAGS,                          //  int   AppFlags:4;
    710            SIMPLEMETER_MAX_INCLUSTERS,                 //  uint8  AppNumInClusters;
    711            (cId_t *)simpleMeterInClusterList,          //  cId_t *pAppInClusterList;
    712            SIMPLEMETER_MAX_OUTCLUSTERS,                //  uint8  AppNumInClusters;
    713            (cId_t *)simpleMeterOutClusterList          //  cId_t *pAppInClusterList;
    714          };
    715          
    716          /*********************************************************************
    717           * GLOBAL FUNCTIONS
    718           */
    719          
    720          /*********************************************************************
    721           * LOCAL FUNCTIONS
    722           */
    723          
    724          /****************************************************************************
    725          ****************************************************************************/
    726          
    727          


   Segment part sizes:

   Bytes  Function/Label
   -----  --------------
       4  ?<Initializer for simpleMeterCurPartProfileInt
       4  ?<Initializer for simpleMeterCurPartProfileInt_1
       4  ?<Initializer for simpleMeterCurPartProfileInt_2
       4  ?<Initializer for simpleMeterCurPartProfileInt_3
       6  ?<Initializer for simpleMeterCurrentMaxDemandD
       6  ?<Initializer for simpleMeterCurrentMaxDemandR
       6  ?<Initializer for simpleMeterCurrentSummationD
       6  ?<Initializer for simpleMeterCurrentSummationR
       6  ?<Initializer for simpleMeterCurrentTier1Summa
       6  ?<Initializer for simpleMeterCurrentTier1Summa_1
       6  ?<Initializer for simpleMeterCurrentTier2Summa
       6  ?<Initializer for simpleMeterCurrentTier2Summa_1
       6  ?<Initializer for simpleMeterCurrentTier3Summa
       6  ?<Initializer for simpleMeterCurrentTier3Summa_1
       6  ?<Initializer for simpleMeterCurrentTier4Summa
       6  ?<Initializer for simpleMeterCurrentTier4Summa_1
       6  ?<Initializer for simpleMeterCurrentTier5Summa
       6  ?<Initializer for simpleMeterCurrentTier5Summa_1
       6  ?<Initializer for simpleMeterCurrentTier6Summa
       6  ?<Initializer for simpleMeterCurrentTier6Summa_1
       4  ?<Initializer for simpleMeterCurrentdayConsump
       4  ?<Initializer for simpleMeterCurrentdayConsump_1
       6  ?<Initializer for simpleMeterDFTSummation>
       2  ?<Initializer for simpleMeterDailyFreezeTime>
       1  ?<Initializer for simpleMeterDefaultUpdatePeri
       1  ?<Initializer for simpleMeterDemandFormatting>
       1  ?<Initializer for simpleMeterDeviceEnabled>
       4  ?<Initializer for simpleMeterDivisor>
       1  ?<Initializer for simpleMeterFastPollUpdatePer
       1  ?<Initializer for simpleMeterHistoricalConsump
       4  ?<Initializer for simpleMeterInstanteneousDema
      17  ?<Initializer for simpleMeterLocationDescripti
       1  ?<Initializer for simpleMeterMaxNumberOfPeriod
       4  ?<Initializer for simpleMeterMultiplier>
       6  ?<Initializer for simpleMeterOptions>
       1  ?<Initializer for simpleMeterPowerFactor>
       4  ?<Initializer for simpleMeterPreviousdayConsum
       4  ?<Initializer for simpleMeterPreviousdayConsum_1
      12  ?<Initializer for simpleMeterSimpleDesc>
       1  ?<Initializer for simpleMeterStatus>
       1  ?<Initializer for simpleMeterSummationFormatin
       1  ?<Initializer for simpleMeterTimeStatus>
       1  ?<Initializer for simpleMeterUnitOfMeasure>
     440  simpleMeterAttrs
       4  simpleMeterCurPartProfileIntStartTimeDelivered
       4  simpleMeterCurPartProfileIntStartTimeReceived
       4  simpleMeterCurPartProfileIntValueDelivered
       4  simpleMeterCurPartProfileIntValueReceived
       6  simpleMeterCurrentMaxDemandDelivered
       6  simpleMeterCurrentMaxDemandReceived
       6  simpleMeterCurrentSummationDelivered
       6  simpleMeterCurrentSummationReceived
       6  simpleMeterCurrentTier1SummationDelivered
       6  simpleMeterCurrentTier1SummationReceived
       6  simpleMeterCurrentTier2SummationDelivered
       6  simpleMeterCurrentTier2SummationReceived
       6  simpleMeterCurrentTier3SummationDelivered
       6  simpleMeterCurrentTier3SummationReceived
       6  simpleMeterCurrentTier4SummationDelivered
       6  simpleMeterCurrentTier4SummationReceived
       6  simpleMeterCurrentTier5SummationDelivered
       6  simpleMeterCurrentTier5SummationReceived
       6  simpleMeterCurrentTier6SummationDelivered
       6  simpleMeterCurrentTier6SummationReceived
       4  simpleMeterCurrentdayConsumptionDelivered
       4  simpleMeterCurrentdayConsumptionReceived
       6  simpleMeterDFTSummation
       2  simpleMeterDailyFreezeTime
      17  simpleMeterDateCode
       1  simpleMeterDefaultUpdatePeriod
       1  simpleMeterDemandFormatting
       1  simpleMeterDeviceEnabled
       1  simpleMeterDeviceType
       4  simpleMeterDivisor
       1  simpleMeterFastPollUpdatePeriod
       1  simpleMeterHWVersion
       1  simpleMeterHistoricalConsumptionFormatting
       2  simpleMeterIdentifyTime
       8  simpleMeterInClusterList
       4  simpleMeterInstanteneousDemand
       2  simpleMeterKeyEstablishmentSuite
      17  simpleMeterLocationDescription
      17  simpleMeterManufacturerName
       4  simpleMeterMaxDemandDeliverdTime
       4  simpleMeterMaxDemandReceivedTime
       1  simpleMeterMaxNumberOfPeriodsDelivered
      17  simpleMeterModelId
       4  simpleMeterMultiplier
       6  simpleMeterOptions
       8  simpleMeterOutClusterList
       1  simpleMeterPhysicalEnvironment
       1  simpleMeterPowerFactor
       1  simpleMeterPowerSource
       4  simpleMeterPreviousdayConsumptionDelivered
       4  simpleMeterPreviousdayConsumtpionReceived
      12  simpleMeterSimpleDesc
       4  simpleMeterSnapshotTime
       1  simpleMeterStatus
       1  simpleMeterSummationFormating
       4  simpleMeterTime
       1  simpleMeterTimeStatus
       1  simpleMeterUnitOfMeasure
       1  simpleMeterZCLVersion

 
 440 bytes in segment CODE_C
 194 bytes in segment XDATA_I
 194 bytes in segment XDATA_ID
  70 bytes in segment XDATA_ROM_C
  22 bytes in segment XDATA_Z
 
 634 bytes of CODE  memory
  70 bytes of CONST memory
 216 bytes of XDATA memory

Errors: none
Warnings: none
